GET /api/items 304  - 276.475 ms
GET /api/items 304  - 229.274 ms
GET /api/items 304  - 278.845 ms
GET /api/orders 401 54 - 7.980 ms
GET /api/orders 401 54 - 2.833 ms
GET /api/items 304  - 404.942 ms
POST /api/users/login 200 224 - 299.207 ms
GET /api/orders 200 2 - 296.059 ms
GET /api/orders 304  - 293.420 ms
GET /api/customers 401 54 - 2.451 ms
GET /api/customers 401 54 - 1.265 ms
GET /api/customers 401 54 - 6.979 ms
GET /api/customers 401 54 - 1.943 ms
GET /api/customers 401 54 - 8.044 ms
GET /api/customers 401 54 - 1.765 ms
GET /api/delivery-vehicles 401 54 - 1.361 ms
GET /api/delivery-vehicles 401 54 - 1.637 ms
GET /api/customers 401 54 - 4.737 ms
GET /api/customers 401 54 - 2.343 ms
GET /api/customers 401 54 - 0.659 ms
GET /api/customers 401 54 - 0.816 ms
GET /api/customers 401 54 - 6.880 ms
GET /api/customers 401 54 - 1.751 ms
GET /api/customers 401 54 - 6.824 ms
GET /api/customers 401 54 - 1.550 ms
POST /api/users/login 200 224 - 297.250 ms
GET /api/orders 304  - 349.760 ms
GET /api/orders 304  - 255.539 ms
GET /api/delivery-vehicles 200 209 - 260.661 ms
GET /api/delivery-vehicles 304  - 279.272 ms
GET /api/customers 401 54 - 1.630 ms
GET /api/customers 401 54 - 0.871 ms
POST /api/users/login 200 224 - 3253.422 ms
GET /api/customers 401 54 - 3.788 ms
GET /api/customers 401 54 - 4.698 ms
GET /api/customers 200 154 - 235.789 ms
GET /api/customers 304  - 269.378 ms
GET /api/customers 304  - 344.235 ms
GET /api/customers 304  - 220.235 ms
GET /api/customers 304  - 262.198 ms
GET /api/customers 304  - 223.541 ms
GET /api/customers 304  - 222.262 ms
POST /api/users/login 200 224 - 232.388 ms
GET /api/customers 304  - 229.474 ms
GET /api/customers 304  - 227.824 ms
GET /api/customers 304  - 227.154 ms
GET /api/customers 304  - 297.708 ms
POST /api/customers 201 155 - 263.606 ms
GET /api/delivery-vehicles 304  - 260.570 ms
GET /api/delivery-vehicles 304  - 289.868 ms
GET /api/orders 304  - 274.584 ms
GET /api/orders 304  - 313.185 ms
GET /api/delivery-vehicles 304  - 224.080 ms
GET /api/delivery-vehicles 304  - 224.514 ms
GET /api/orders 304  - 238.166 ms
GET /api/orders 304  - 219.778 ms
GET /api/items 304  - 226.465 ms
GET /api/items 304  - 223.580 ms
GET /api/orders 304  - 219.599 ms
GET /api/orders 304  - 230.923 ms
POST /api/orders 400 44 - 530.082 ms
POST /api/orders 201 295 - 1496.548 ms
PATCH /api/orders/64e727f48d99ca00df229145/delivered 200 294 - 1109.300 ms
POST /api/orders 400 44 - 433.424 ms
POST /api/orders 400 44 - 601.624 ms
POST /api/orders 400 44 - 448.398 ms
POST /api/users/login 200 224 - 3440.979 ms
GET /api/orders 200 296 - 284.062 ms
GET /api/orders 304  - 252.936 ms
GET /api/items 304  - 247.012 ms
GET /api/items 304  - 247.568 ms
GET /api/orders 304  - 250.606 ms
GET /api/orders 304  - 243.189 ms
GET /api/delivery-vehicles 200 209 - 235.938 ms
GET /api/delivery-vehicles 304  - 243.480 ms
GET /api/customers 200 310 - 265.367 ms
GET /api/customers 304  - 289.807 ms
GET /api/orders 304  - 257.592 ms
GET /api/orders 304  - 269.533 ms
POST /api/orders 201 295 - 1488.444 ms
POST /api/orders 201 295 - 1540.018 ms
POST /api/orders 400 44 - 487.378 ms
GET /api/orders 401 54 - 7.909 ms
GET /api/orders 401 54 - 2.129 ms
GET /api/orders 401 54 - 6.609 ms
GET /api/orders 401 54 - 1.502 ms
POST /api/users/login 200 224 - 274.903 ms
GET /api/orders 200 888 - 286.600 ms
GET /api/orders 304  - 248.988 ms
GET /api/items 304  - 306.099 ms
GET /api/items 304  - 248.231 ms
GET /api/delivery-vehicles 200 209 - 236.631 ms
GET /api/delivery-vehicles 304  - 237.260 ms
GET /api/customers 304  - 248.063 ms
GET /api/customers 304  - 236.002 ms
GET /api/orders 304  - 251.540 ms
GET /api/orders 304  - 236.624 ms
POST /api/orders 400 44 - 468.838 ms
GET /api/orders 304  - 261.310 ms
GET /api/orders 304  - 233.001 ms
GET /api/orders 304  - 246.830 ms
GET /api/orders 304  - 249.332 ms
POST /api/orders 400 44 - 641.224 ms
PATCH /api/orders/64e728c81bb336171ceb5a95/delivered 200 294 - 1013.419 ms
POST /api/orders 400 44 - 477.756 ms
GET /api/delivery-vehicles 200 209 - 315.075 ms
GET /api/delivery-vehicles 304  - 244.923 ms
GET /api/delivery-vehicles 304  - 230.551 ms
GET /api/delivery-vehicles 304  - 233.068 ms
GET /api/delivery-vehicles 304  - 228.589 ms
GET /api/delivery-vehicles 304  - 228.772 ms
GET /api/delivery-vehicles 304  - 228.577 ms
GET /api/delivery-vehicles 304  - 229.204 ms
GET /api/delivery-vehicles 304  - 229.546 ms
GET /api/delivery-vehicles 304  - 231.972 ms
GET /api/delivery-vehicles 304  - 228.421 ms
GET /api/delivery-vehicles 304  - 229.549 ms
GET /api/delivery-vehicles 304  - 243.545 ms
GET /api/delivery-vehicles 304  - 255.498 ms
POST /api/delivery-vehicles 201 206 - 266.387 ms
POST /api/delivery-vehicles 500 93 - 8.482 ms
POST /api/delivery-vehicles 500 185 - 3.334 ms
GET /api/delivery-vehicles 200 416 - 229.879 ms
GET /api/delivery-vehicles 304  - 232.619 ms
GET /api/delivery-vehicles 304  - 232.825 ms
GET /api/delivery-vehicles 304  - 227.581 ms
POST /api/delivery-vehicles 500 145 - 243.860 ms
GET /api/delivery-vehicles 401 54 - 5.728 ms
GET /api/delivery-vehicles 401 54 - 1.672 ms
POST /api/users/login 200 224 - 261.978 ms
GET /api/delivery-vehicles 304  - 250.792 ms
GET /api/delivery-vehicles 304  - 261.254 ms
POST /api/delivery-vehicles 500 145 - 320.031 ms
GET /api/orders 200 887 - 248.408 ms
GET /api/orders 304  - 252.629 ms
GET /api/orders 401 54 - 5.760 ms
GET /api/orders 401 54 - 1.784 ms
GET /api/orders 401 54 - 0.655 ms
POST /api/users/login 200 224 - 265.252 ms
GET /api/items 304  - 249.573 ms
GET /api/items 304  - 307.026 ms
